Plur Doctor
==========

Plur Version:    dev
Build Date:      unknown
Git Commit:      unknown
Built By:        unknown

Operating System: darwin
Architecture:     arm64
CPU Count:        14
Go Version:       go1.25.0

Working Dir:      /Users/rsanheim/src/rsanheim/plur/fixtures/projects/default-ruby
Plur Binary:     /Users/rsanheim/go/bin/plur

Ruby Environment:
  Ruby Version:   ruby 3.4.5 (2025-07-16 revision 20cda200d3) +PRISM [arm64-darwin24]
  Bundler:        Bundler version 2.6.9
  RSpec:          RSpec 3.13
  - rspec-core 3.13.3
  - rspec-expectations 3.13.4
  - rspec-mocks 3.13.4
  - rspec-support 3.13.3

File Watcher:
  Status:         Available
  Binary Path:    /Users/rsanheim/.plur/bin/watcher-aarch64-apple-darwin
  Version:        Binary exists (no version info available)
  Platform:       darwin/arm64

Cache Directory:  /Users/rsanheim/.plur/cache
Runtime Data:     /Users/rsanheim/.plur/runtime/7a3d6dbd.json
                  (file exists)

Environment Variables:
  PARALLEL_TEST_PROCESSORS: (not set)
  FORCE_COLOR:              (not set)
  NO_COLOR:                 (not set)
  HOME:                     /Users/rsanheim
  GOPATH:                   (not set)

Configuration:
  Active Configuration Files:
    - /Users/rsanheim/src/rsanheim/plur/fixtures/projects/default-ruby/.plur.toml

  Active Settings:
    Workers:     12
    Color:       true
    Auto:        false
    Debug:       false
    Verbose:     false

  Watch Directories:
    spec/ (exists)
    lib/ (exists)
